<?xml version="1.0" encoding="UTF-8"?>
<!-- Generated by org.testng.reporters.JUnitReportReporter -->
<testsuite hostname="LIN-D2BMBK3" failures="3" tests="4" name="cucumberOption.TestNGRunner" time="0.128" errors="0" timestamp="2025-01-08T11:40:38 IST" skipped="0">
  <testcase classname="cucumberOption.TestNGRunner" name="runScenario" time="0.010">
    <failure message="expected [true] but found [false]" type="java.lang.AssertionError">
      <![CDATA[java.lang.AssertionError: expected [true] but found [false]
at org.testng.Assert.fail(Assert.java:111)
at org.testng.Assert.failNotEquals(Assert.java:1578)
at org.testng.Assert.assertTrue(Assert.java:57)
at org.testng.Assert.assertTrue(Assert.java:67)
at stepDefinitions.SecondSteps.user_is_on_mortgage_banking_page(SecondSteps.java:22)
at ✽.User is on Mortgage banking page(file:///C:/Users/revpraka/eclipse-workspace/Cucumber_Automation/src/test/java/features/secondFile.feature:17)
]]>
    </failure>
  </testcase> <!-- runScenario -->
  <testcase classname="cucumberOption.TestNGRunner" name="runScenario" time="0.024">
    <failure message="expected [true] but found [false]" type="java.lang.AssertionError">
      <![CDATA[java.lang.AssertionError: expected [true] but found [false]
at org.testng.Assert.fail(Assert.java:111)
at org.testng.Assert.failNotEquals(Assert.java:1578)
at org.testng.Assert.assertTrue(Assert.java:57)
at org.testng.Assert.assertTrue(Assert.java:67)
at stepDefinitions.SecondSteps.user_is_on_mortgage_banking_page(SecondSteps.java:22)
at ✽.User is on Mortgage banking page(file:///C:/Users/revpraka/eclipse-workspace/Cucumber_Automation/src/test/java/features/secondFile.feature:17)
]]>
    </failure>
  </testcase> <!-- runScenario -->
  <testcase classname="cucumberOption.TestNGRunner" name="runScenario" time="0.007">
    <failure message="expected [true] but found [false]" type="java.lang.AssertionError">
      <![CDATA[java.lang.AssertionError: expected [true] but found [false]
at org.testng.Assert.fail(Assert.java:111)
at org.testng.Assert.failNotEquals(Assert.java:1578)
at org.testng.Assert.assertTrue(Assert.java:57)
at org.testng.Assert.assertTrue(Assert.java:67)
at stepDefinitions.SecondSteps.user_is_on_mortgage_banking_page(SecondSteps.java:22)
at ✽.User is on Mortgage banking page(file:///C:/Users/revpraka/eclipse-workspace/Cucumber_Automation/src/test/java/features/secondFile.feature:17)
]]>
    </failure>
  </testcase> <!-- runScenario -->
  <testcase classname="cucumberOption.TestNGRunner" name="runScenario" time="0.087"/>
</testsuite> <!-- cucumberOption.TestNGRunner -->
